<?xml version="1.0" encoding="UTF-8"?>
<!-- Generated by org.testng.reporters.JUnitXMLReporter -->
<testsuite hostname="Mustafizurs-MBP.home" name="Default test" tests="2" failures="0" timestamp="25 Feb 2018 17:45:22 GMT" time="0.026" errors="0">
  <testcase name="@BeforeTest setUp" time="0.0" classname="tests.pass">
    <failure type="org.testng.TestNGException" message="
Parameter &amp;apos;browser&amp;apos; is required by @Configuration on method setUp but has not been marked @Optional or defined
in /private/var/folders/55/gb1tggd14j9bgqq7hlbj0ctm0000gn/T/testng-eclipse-2115518484/testng-customsuite.xml">
      <![CDATA[org.testng.TestNGException: 
Parameter 'browser' is required by @Configuration on method setUp but has not been marked @Optional or defined
in /private/var/folders/55/gb1tggd14j9bgqq7hlbj0ctm0000gn/T/testng-eclipse-2115518484/testng-customsuite.xml
	at org.testng.internal.Parameters.createParameters(Parameters.java:154)
	at org.testng.internal.Parameters.createParameters(Parameters.java:361)
	at org.testng.internal.Parameters.createConfigurationParameters(Parameters.java:84)
	at org.testng.internal.Invoker.invokeConfigurations(Invoker.java:197)
	at org.testng.internal.Invoker.invokeConfigurations(Invoker.java:138)
	at org.testng.TestRunner.beforeRun(TestRunner.java:648)
	at org.testng.TestRunner.run(TestRunner.java:616)
	at org.testng.SuiteRunner.runTest(SuiteRunner.java:359)
	at org.testng.SuiteRunner.runSequentially(SuiteRunner.java:354)
	at org.testng.SuiteRunner.privateRun(SuiteRunner.java:312)
	at org.testng.SuiteRunner.run(SuiteRunner.java:261)
	at org.testng.SuiteRunnerWorker.runSuite(SuiteRunnerWorker.java:52)
	at org.testng.SuiteRunnerWorker.run(SuiteRunnerWorker.java:86)
	at org.testng.TestNG.runSuitesSequentially(TestNG.java:1215)
	at org.testng.TestNG.runSuitesLocally(TestNG.java:1140)
	at org.testng.TestNG.run(TestNG.java:1048)
	at org.testng.remote.AbstractRemoteTestNG.run(AbstractRemoteTestNG.java:114)
	at org.testng.remote.RemoteTestNG.initAndRun(RemoteTestNG.java:251)
	at org.testng.remote.RemoteTestNG.main(RemoteTestNG.java:77)
]]>
    </failure>
  </testcase> <!-- @BeforeTest setUp -->
  <testcase name="@AfterTest teardown" time="0.0" classname="tests.pass">
    <skipped/>
  </testcase> <!-- @AfterTest teardown -->
  <testcase name="readFromXl" time="0.004" classname="tests.pass">
    <skipped/>
  </testcase> <!-- readFromXl -->
  <testcase name="writeIntoXl" time="0.001" classname="tests.pass">
    <skipped/>
  </testcase> <!-- writeIntoXl -->
</testsuite> <!-- Default test -->
