<?xml version="1.0" encoding="UTF-8"?>
<!-- Generated by org.testng.reporters.JUnitXMLReporter -->
<testsuite hostname="Mustafizurs-MBP.fios-router.home" name="chrome test" tests="5" failures="2" timestamp="28 Feb 2018 05:08:14 GMT" time="4.281" errors="0">
  <testcase name="readFromXl" time="0.169" classname="tests.pass"/>
  <testcase name="writeIntoXl" time="1.254" classname="tests.pass"/>
  <testcase name="goingToSkip" time="0.001" classname="tests.skip">
    <skipped/>
  </testcase> <!-- goingToSkip -->
  <testcase name="readFromXl" time="0.001" classname="tests.fail">
    <failure type="java.lang.NullPointerException">
      <![CDATA[java.lang.NullPointerException
	at utils.webDriverApi.typeByXpath(webDriverApi.java:15)
	at tests.fail.readFromXl(fail.java:27)
... Removed 24 stack frames]]>
    </failure>
  </testcase> <!-- readFromXl -->
  <testcase name="writeIntoXl" time="0.001" classname="tests.fail">
    <failure type="java.lang.NullPointerException">
      <![CDATA[java.lang.NullPointerException
	at tests.fail.writeIntoXl(fail.java:33)
... Removed 24 stack frames]]>
    </failure>
  </testcase> <!-- writeIntoXl -->
</testsuite> <!-- chrome test -->
